<?xml version="1.0" encoding="UTF-8"?>
<!-- Generated by org.testng.reporters.JUnitReportReporter -->
<testsuite skipped="0" hostname="LAPTOP-QDS9V70J" name="testcase.ExcelData" tests="1" failures="0" timestamp="2021-10-19T11:34:31 IST" time="0.474" errors="0">
  <testcase name="readExcel" time="0.474" classname="testcase.ExcelData"/>
  <system-out/>
</testsuite> <!-- testcase.ExcelData -->
