<?xml version="1.0" encoding="UTF-8"?>
<!-- Generated by org.testng.reporters.JUnitReportReporter -->
<testsuite skipped="0" hostname="LAPTOP-QDS9V70J" name="testcase.DeleteLead" tests="1" failures="0" timestamp="2021-10-14T20:28:15 IST" time="44.909" errors="0">
  <testcase name="runDeleteLead" time="44.909" classname="testcase.DeleteLead"/>
  <system-out/>
</testsuite> <!-- testcase.DeleteLead -->
