<?xml version="1.0" encoding="UTF-8"?>
<!-- Generated by org.testng.reporters.JUnitReportReporter -->
<testsuite skipped="0" hostname="LAPTOP-QDS9V70J" name="testcase.EditLead" tests="1" failures="0" timestamp="2021-10-19T11:52:52 IST" time="17.934" errors="0">
  <testcase name="runEditLead" time="17.934" classname="testcase.EditLead"/>
  <system-out/>
</testsuite> <!-- testcase.EditLead -->
