<?xml version="1.0" encoding="UTF-8"?>
<!-- Generated by org.testng.reporters.JUnitReportReporter -->
<testsuite skipped="0" hostname="Kanagaraj" name="selenium.Tests" tests="1" failures="0" timestamp="2022-04-04T18:35:54 IST" time="10.756" errors="0">
  <testcase name="testmethod" time="10.756" classname="selenium.Tests"/>
  <system-out/>
</testsuite> <!-- selenium.Tests -->
