<?xml version="1.0" encoding="UTF-8"?>
<!-- Generated by org.testng.reporters.JUnitReportReporter -->
<testsuite skipped="0" hostname="LAPTOP-QDS9V70J" name="testcase.CreateLead" tests="2" failures="0" timestamp="2021-10-19T11:56:30 IST" time="22.563" errors="0">
  <testcase name="createLead" time="12.414" classname="testcase.CreateLead"/>
  <system-out/>
  <testcase name="createLead" time="10.149" classname="testcase.CreateLead"/>
  <system-out/>
</testsuite> <!-- testcase.CreateLead -->
