<?xml version="1.0" encoding="UTF-8"?>
<!-- Generated by org.testng.reporters.JUnitReportReporter -->
<testsuite skipped="1" hostname="LAPTOP-QDS9V70J" name="selenium.GenerateRandomno" tests="2" failures="0" timestamp="2021-10-21T10:48:44 IST" time="0.596" errors="0">
  <testcase name="runRandom" time="0.277" classname="selenium.GenerateRandomno"/>
  <system-out/>
  <testcase name="runRandom" time="0.319" classname="selenium.GenerateRandomno">
    <skipped/>
  </testcase> <!-- runRandom -->
  <system-out/>
</testsuite> <!-- selenium.GenerateRandomno -->
