<?xml version="1.0" encoding="UTF-8"?>
<!-- Generated by org.testng.reporters.JUnitReportReporter -->
<testsuite skipped="0" hostname="LAPTOP-QDS9V70J" name="testcase.Test2" tests="2" failures="0" timestamp="2021-10-15T13:54:00 IST" time="0.006" errors="0">
  <testcase name="runTest3" time="0.005" classname="testcase.Test2"/>
  <system-out/>
  <testcase name="runTest4" time="0.001" classname="testcase.Test2"/>
  <system-out/>
</testsuite> <!-- testcase.Test2 -->
