<?xml version="1.0" encoding="UTF-8"?>
<!-- Generated by org.testng.reporters.JUnitReportReporter -->
<testsuite skipped="0" hostname="LAPTOP-QDS9V70J" name="testcase.LearnPriority" tests="3" failures="0" timestamp="2021-10-14T17:57:23 IST" time="0.006" errors="0">
  <testcase name="runOne" time="0.004" classname="testcase.LearnPriority"/>
  <system-out/>
  <testcase name="runThree" time="0.001" classname="testcase.LearnPriority"/>
  <system-out/>
  <testcase name="runTwo" time="0.001" classname="testcase.LearnPriority"/>
  <system-out/>
</testsuite> <!-- testcase.LearnPriority -->
